#
# There is insufficient memory for the Java Runtime Environment to continue.
# Native memory allocation (mmap) failed to map 132120576 bytes for Failed to commit area from 0x0000000082800000 to 0x000000008a600000 of length 132120576.
# Possible reasons:
#   The system is out of physical RAM or swap space
#   The process is running with CompressedOops enabled, and the Java Heap may be blocking the growth of the native heap
# Possible solutions:
#   Reduce memory load on the system
#   Increase physical memory or swap space
#   Check if swap backing store is full
#   Decrease Java heap size (-Xmx/-Xms)
#   Decrease number of Java threads
#   Decrease Java thread stack sizes (-Xss)
#   Set larger code cache with -XX:ReservedCodeCacheSize=
# This output file may be truncated or incomplete.
#
#  Out of Memory Error (src/hotspot/os/windows/os_windows.cpp:3627), pid=13020, tid=14492
#
# JRE version:  (11.0.15) (build )
# Java VM: OpenJDK 64-Bit Server VM (11.0.15+0-b2043.56-9505619, mixed mode, sharing, tiered, compressed oops, g1 gc, windows-amd64)
# No core dump will be written. Minidumps are not enabled by default on client versions of Windows
#

---------------  S U M M A R Y ------------

Command Line: git4idea.http.GitAskPassApp Username for 'https://github.com': 

Host: Intel(R) Core(TM) i3-10110U CPU @ 2.10GHz, 4 cores, 7G,  Windows 10 , 64 bit Build 19041 (10.0.19041.2546)
Time: Sat Apr  8 18:33:43 2023 Maroc elapsed time: 0.032844 seconds (0d 0h 0m 0s)

---------------  T H R E A D  ---------------

Current thread (0x00000293d6334800):  JavaThread "Unknown thread" [_thread_in_vm, id=14492, stack(0x000000c8ade00000,0x000000c8adf00000)]

Stack: [0x000000c8ade00000,0x000000c8adf00000]
Native frames: (J=compiled Java code, j=interpreted, Vv=VM code, C=native code)
V  [jvm.dll+0x64135a]
V  [jvm.dll+0x7d39f9]
V  [jvm.dll+0x7d51b9]
V  [jvm.dll+0x7d58a3]
V  [jvm.dll+0x2691c5]
V  [jvm.dll+0x63e4e9]
V  [jvm.dll+0x632985]
V  [jvm.dll+0x3231ac]
V  [jvm.dll+0x323032]
V  [jvm.dll+0x327c06]
V  [jvm.dll+0x36ffa2]
V  [jvm.dll+0x36fa01]
V  [jvm.dll+0x2fea28]
V  [jvm.dll+0x2ffb25]
V  [jvm.dll+0x7accd7]
V  [jvm.dll+0x7ae49f]
V  [jvm.dll+0x37d299]
V  [jvm.dll+0x78ef9f]
V  [jvm.dll+0x3ec847]
V  [jvm.dll+0x3eed31]
C  [jli.dll+0x52cb]
C  [ucrtbase.dll+0x21bb2]
C  [KERNEL32.DLL+0x17614]
C  [ntdll.dll+0x526a1]


---------------  P R O C E S S  ---------------

Threads class SMR info:
_java_thread_list=0x00000293d42249c0, length=0, elements={
}

Java Threads: ( => current thread )

Other Threads:
  0x00000293d634d000 GCTaskThread "GC Thread#0" [stack: 0x000000c8adf00000,0x000000c8ae000000] [id=15708]
  0x00000293d637c800 ConcurrentGCThread "G1 Main Marker" [stack: 0x000000c8ae000000,0x000000c8ae100000] [id=20812]
  0x00000293d637f000 ConcurrentGCThread "G1 Conc#0" [stack: 0x000000c8ae100000,0x000000c8ae200000] [id=21108]

[error occurred during error reporting (printing all threads), id 0xc0000005, EXCEPTION_ACCESS_VIOLATION (0xc0000005) at pc=0x00007ffa4d75f3e7]

VM state:not at safepoint (not fully initialized)

VM Mutex/Monitor currently owned by a thread:  ([mutex/lock_event])
[0x00000293d6330bc0] Heap_lock - owner thread: 0x00000293d6334800

Heap address: 0x0000000082800000, size: 2008 MB, Compressed Oops mode: Non-zero based: 0x0000000082800000
Narrow klass base: 0x0000000000000000, Narrow klass shift: 0

GC Heap History (0 events):
No events

Deoptimization events (0 events):
No events

Classes redefined (0 events):
No events

Internal exceptions (0 events):
No events

Events (1 events):
Event: 0.015 Loaded shared library C:\Program Files\Android\Android Studio\jbr\bin\zip.dll


Dynamic libraries:
0x00007ff66d630000 - 0x00007ff66d63a000 	C:\Program Files\Android\Android Studio\jbr\bin\java.exe
0x00007ffac4950000 - 0x00007ffac4b48000 	C:\Windows\SYSTEM32\ntdll.dll
0x00007ffac3dd0000 - 0x00007ffac3e8f000 	C:\Windows\System32\KERNEL32.DLL
0x00007ffac23e0000 - 0x00007ffac26b2000 	C:\Windows\System32\KERNELBASE.dll
0x00007ffac2080000 - 0x00007ffac2180000 	C:\Windows\System32\ucrtbase.dll
0x00007ffa6f390000 - 0x00007ffa6f3a7000 	C:\Program Files\Android\Android Studio\jbr\bin\jli.dll
0x00007ffa67cd0000 - 0x00007ffa67ceb000 	C:\Program Files\Android\Android Studio\jbr\bin\VCRUNTIME140.dll
0x00007ffac2ef0000 - 0x00007ffac3091000 	C:\Windows\System32\USER32.dll
0x00007ffaa5550000 - 0x00007ffaa57ea000 	C:\Windows\WinSxS\amd64_microsoft.windows.common-controls_6595b64144ccf1df_6.0.19041.1110_none_60b5254171f9507e\COMCTL32.dll
0x00007ffac2050000 - 0x00007ffac2072000 	C:\Windows\System32\win32u.dll
0x00007ffac2ad0000 - 0x00007ffac2b6e000 	C:\Windows\System32\msvcrt.dll
0x00007ffac2c80000 - 0x00007ffac2cab000 	C:\Windows\System32\GDI32.dll
0x00007ffac2820000 - 0x00007ffac292f000 	C:\Windows\System32\gdi32full.dll
0x00007ffac2310000 - 0x00007ffac23ad000 	C:\Windows\System32\msvcp_win.dll
0x00007ffac4320000 - 0x00007ffac4350000 	C:\Windows\System32\IMM32.DLL
0x00007ffa7f4c0000 - 0x00007ffa7f4cc000 	C:\Program Files\Android\Android Studio\jbr\bin\vcruntime140_1.dll
0x00007ffa46810000 - 0x00007ffa4689d000 	C:\Program Files\Android\Android Studio\jbr\bin\msvcp140.dll
0x00007ffa4d450000 - 0x00007ffa4e00c000 	C:\Program Files\Android\Android Studio\jbr\bin\server\jvm.dll
0x00007ffac3130000 - 0x00007ffac31de000 	C:\Windows\System32\ADVAPI32.dll
0x00007ffac4060000 - 0x00007ffac40fc000 	C:\Windows\System32\sechost.dll
0x00007ffac29a0000 - 0x00007ffac2ac4000 	C:\Windows\System32\RPCRT4.dll
0x00007ffac2ee0000 - 0x00007ffac2ee8000 	C:\Windows\System32\PSAPI.DLL
0x00007ffaa8ae0000 - 0x00007ffaa8b07000 	C:\Windows\SYSTEM32\WINMM.dll
0x00007ffab96c0000 - 0x00007ffab96ca000 	C:\Windows\SYSTEM32\VERSION.dll
0x00007ffabbe20000 - 0x00007ffabbe29000 	C:\Windows\SYSTEM32\WSOCK32.dll
0x00007ffac3d50000 - 0x00007ffac3dbb000 	C:\Windows\System32\WS2_32.dll
0x00007ffac08a0000 - 0x00007ffac08b2000 	C:\Windows\SYSTEM32\kernel.appcore.dll
0x00007ffaa5380000 - 0x00007ffaa5390000 	C:\Program Files\Android\Android Studio\jbr\bin\verify.dll
0x00007ffab04e0000 - 0x00007ffab06c4000 	C:\Windows\SYSTEM32\DBGHELP.DLL
0x00007ffabb8c0000 - 0x00007ffabb8f5000 	C:\Windows\SYSTEM32\dbgcore.DLL
0x00007ffac2180000 - 0x00007ffac2202000 	C:\Windows\System32\bcryptPrimitives.dll
0x00007ffa90340000 - 0x00007ffa90368000 	C:\Program Files\Android\Android Studio\jbr\bin\java.dll
0x00007ffaa5350000 - 0x00007ffaa535a000 	C:\Program Files\Android\Android Studio\jbr\bin\jimage.dll
0x00007ffa84ec0000 - 0x00007ffa84ed8000 	C:\Program Files\Android\Android Studio\jbr\bin\zip.dll

dbghelp: loaded successfully - version: 4.0.5 - missing functions: none
symbol engine: initialized successfully - sym options: 0x614 - pdb path: .;C:\Program Files\Android\Android Studio\jbr\bin;C:\Windows\SYSTEM32;C:\Windows\WinSxS\amd64_microsoft.windows.common-controls_6595b64144ccf1df_6.0.19041.1110_none_60b5254171f9507e;C:\Program Files\Android\Android Studio\jbr\bin\server

VM Arguments:
java_command: git4idea.http.GitAskPassApp Username for 'https://github.com': 
java_class_path (initial): C:/Program Files/Android/Android Studio/plugins/git4idea/lib/git4idea-rt.jar;C:/Program Files/Android/Android Studio/lib/externalProcess-rt.jar;C:/Program Files/Android/Android Studio/lib/app.jar;C:/Program Files/Android/Android Studio/lib/3rd-party-rt.jar
Launcher Type: SUN_STANDARD

[Global flags]
     intx CICompilerCount                          = 3                                         {product} {ergonomic}
     uint ConcGCThreads                            = 1                                         {product} {ergonomic}
     uint G1ConcRefinementThreads                  = 4                                         {product} {ergonomic}
   size_t G1HeapRegionSize                         = 1048576                                   {product} {ergonomic}
    uintx GCDrainStackTargetSize                   = 64                                        {product} {ergonomic}
   size_t InitialHeapSize                          = 132120576                                 {product} {ergonomic}
   size_t MarkStackSize                            = 4194304                                   {product} {ergonomic}
   size_t MaxHeapSize                              = 2105540608                                {product} {ergonomic}
   size_t MinHeapDeltaBytes                        = 1048576                                   {product} {ergonomic}
    uintx NonNMethodCodeHeapSize                   = 5830732                                {pd product} {ergonomic}
    uintx NonProfiledCodeHeapSize                  = 122913754                              {pd product} {ergonomic}
    uintx ProfiledCodeHeapSize                     = 122913754                              {pd product} {ergonomic}
    uintx ReservedCodeCacheSize                    = 251658240                              {pd product} {ergonomic}
     bool SegmentedCodeCache                       = true                                      {product} {ergonomic}
     bool UseCompressedClassPointers               = true                                 {lp64_product} {ergonomic}
     bool UseCompressedOops                        = true                                 {lp64_product} {ergonomic}
     bool UseG1GC                                  = true                                      {product} {ergonomic}
     bool UseLargePagesIndividualAllocation        = false                                  {pd product} {ergonomic}

Logging:
Log output configuration:
 #0: stdout all=warning uptime,level,tags
 #1: stderr all=off uptime,level,tags

Environment Variables:
PATH=C:\Program Files\Git\mingw64\libexec\git-core;C:\Program Files\Git\mingw64\libexec\git-core;C:\Program Files\Git\mingw64\bin;C:\Program Files\Git\usr\bin;C:\Users\ZINEB\bin;C:\Program Files\Common Files\Oracle\Java\javapath;C:\Program Files (x86)\Common Files\Oracle\Java\javapath;C:\Program Files\Microsoft\jdk-11.0.12.7-hotspot\bin;C:\Windows\System32\HWAudioDriverLibs;C:\Windows\system32;C:\Windows;C:\Windows\System32\Wbem;C:\Windows\System32\WindowsPowerShell\v1.0;C:\Windows\System32\OpenSSH;C:\Windows\system32\config\systemprofile\AppData\Local\Microsoft\WindowsApps;C:\Program Files\Microsoft SQL Server\Client SDK\ODBC\170\Tools\Binn;C:\Program Files (x86)\Microsoft SQL Server\150\Tools\Binn;C:\Program Files\Microsoft SQL Server\150\Tools\Binn;C:\Program Files\Microsoft SQL Server\150\DTS\Binn;C:\Program Files\Azure Data Studio\bin;C:\Users\ZINEB\Desktop\xamp\php;C:\xampp;C:\Program Files\dotnet;C:\Program Files\nodejs;C:\Program Files\Git\cmd;C:\Program Files\nodejs;C:\ProgramData\chocolatey\bin;C:\Users\ZINEB\AppData\Local\Microsoft\WindowsApps;C:\Program Files\Azure Data Studio\bin;C:\Users\ZINEB\AppData\Local\Programs\Microsoft VS Code\bin;C:\Users\ZINEB\AppData\Roaming\Composer\vendor\bin;C:\Users\ZINEB\.dotnet\tools;C:\Program Files\JetBrains\PyCharm Community Edition 2022.3.3\bin;C:\Users\ZINEB\AppData\Roaming\npm
USERNAME=ZINEB
DISPLAY=:0.0
LC_ALL=en_US.UTF-8
OS=Windows_NT
PROCESSOR_IDENTIFIER=Intel64 Family 6 Model 142 Stepping 12, GenuineIntel



---------------  S Y S T E M  ---------------

OS: Windows 10 , 64 bit Build 19041 (10.0.19041.2546)
OS uptime: 3 days 0:26 hours

CPU:total 4 (initial active 4) (2 cores per cpu, 2 threads per core) family 6 model 142 stepping 12 microcode 0xde, cmov, cx8, fxsr, mmx, sse, sse2, sse3, ssse3, sse4.1, sse4.2, popcnt, avx, avx2, aes, clmul, erms, 3dnowpref, lzcnt, ht, tsc, tscinvbit, bmi1, bmi2, adx, fma

Memory: 4k page, system-wide physical 8025M (68M free)
TotalPageFile size 23385M (AvailPageFile size 110M)
current process WorkingSet (physical memory assigned to process): 10M, peak: 10M
current process commit charge ("private bytes"): 51M, peak: 177M

vm_info: OpenJDK 64-Bit Server VM (11.0.15+0-b2043.56-9505619) for windows-amd64 JRE (11.0.15+0-b2043.56-9505619), built on Jan 19 2023 02:48:00 by "builduser" with unknown MS VC++:1929

END.
