#
# There is insufficient memory for the Java Runtime Environment to continue.
# Native memory allocation (malloc) failed to allocate 189296 bytes for Chunk::new
# Possible reasons:
#   The system is out of physical RAM or swap space
#   The process is running with CompressedOops enabled, and the Java Heap may be blocking the growth of the native heap
# Possible solutions:
#   Reduce memory load on the system
#   Increase physical memory or swap space
#   Check if swap backing store is full
#   Decrease Java heap size (-Xmx/-Xms)
#   Decrease number of Java threads
#   Decrease Java thread stack sizes (-Xss)
#   Set larger code cache with -XX:ReservedCodeCacheSize=
#   JVM is running with Unscaled Compressed Oops mode in which the Java heap is
#     placed in the first 4GB address space. The Java Heap base address is the
#     maximum limit for the native heap growth. Please use -XX:HeapBaseMinAddress
#     to set the Java Heap base and to place the Java Heap above 4GB virtual address.
# This output file may be truncated or incomplete.
#
#  Out of Memory Error (src/hotspot/share/memory/arena.cpp:197), pid=6848, tid=17512
#
# JRE version: OpenJDK Runtime Environment (11.0.15) (build 11.0.15+0-b2043.56-9505619)
# Java VM: OpenJDK 64-Bit Server VM (11.0.15+0-b2043.56-9505619, mixed mode, tiered, compressed oops, g1 gc, windows-amd64)
# No core dump will be written. Minidumps are not enabled by default on client versions of Windows
#

---------------  S U M M A R Y ------------

Command Line: --add-opens=java.base/java.util=ALL-UNNAMED --add-opens=java.base/java.lang=ALL-UNNAMED --add-opens=java.base/java.lang.invoke=ALL-UNNAMED --add-opens=java.base/java.util=ALL-UNNAMED --add-opens=java.prefs/java.util.prefs=ALL-UNNAMED --add-opens=java.prefs/java.util.prefs=ALL-UNNAMED --add-opens=java.base/java.nio.charset=ALL-UNNAMED --add-opens=java.base/java.net=ALL-UNNAMED --add-opens=java.base/java.util.concurrent.atomic=ALL-UNNAMED -Xmx2048m -Dfile.encoding=UTF-8 -Duser.country=FR -Duser.language=fr -Duser.variant org.gradle.launcher.daemon.bootstrap.GradleDaemon 7.5

Host: Intel(R) Core(TM) i3-10110U CPU @ 2.10GHz, 4 cores, 7G,  Windows 10 , 64 bit Build 19041 (10.0.19041.2546)
Time: Mon Apr 10 16:22:15 2023 Maroc elapsed time: 15.841787 seconds (0d 0h 0m 15s)

---------------  T H R E A D  ---------------

Current thread (0x0000012dc8f67000):  JavaThread "C2 CompilerThread0" daemon [_thread_in_native, id=17512, stack(0x0000000e08b00000,0x0000000e08c00000)]


Current CompileTask:
C2:  15842 4032       4       sun.invoke.util.BytecodeDescriptor::unparseSig (91 bytes)

Stack: [0x0000000e08b00000,0x0000000e08c00000]
Native frames: (J=compiled Java code, j=interpreted, Vv=VM code, C=native code)
V  [jvm.dll+0x64135a]
V  [jvm.dll+0x7d39f9]
V  [jvm.dll+0x7d51b9]
V  [jvm.dll+0x7d58a3]
V  [jvm.dll+0x2691c5]
V  [jvm.dll+0xc1a5c]
V  [jvm.dll+0xc200c]
V  [jvm.dll+0x3774a7]
V  [jvm.dll+0x1b3405]
V  [jvm.dll+0x22163e]
V  [jvm.dll+0x220498]
V  [jvm.dll+0x19e851]
V  [jvm.dll+0x230479]
V  [jvm.dll+0x22e5ef]
V  [jvm.dll+0x794de1]
V  [jvm.dll+0x78dc24]
V  [jvm.dll+0x6400f6]
C  [ucrtbase.dll+0x21bb2]
C  [KERNEL32.DLL+0x17614]
C  [ntdll.dll+0x526a1]


---------------  P R O C E S S  ---------------

Threads class SMR info:
_java_thread_list=0x0000012dcbe52b90, length=36, elements={
0x0000012daf334000, 0x0000012dc8f44000, 0x0000012dc8f47800, 0x0000012dc9903800,
0x0000012dc8f62000, 0x0000012dc8f66000, 0x0000012dc8f67000, 0x0000012dc8f68800,
0x0000012dc8f8b800, 0x0000012dc9a46000, 0x0000012dcaaa1800, 0x0000012dc9fff000,
0x0000012dcbdfb000, 0x0000012dcbdd5000, 0x0000012dcbb16800, 0x0000012dcbe0e000,
0x0000012dcb2e8800, 0x0000012dcc03e000, 0x0000012dca9ff000, 0x0000012dcb24b000,
0x0000012dca6d1800, 0x0000012dca6d2000, 0x0000012dca6d3000, 0x0000012dca6cf800,
0x0000012dca6ce000, 0x0000012dca6d0800, 0x0000012dca6d3800, 0x0000012dca6d4800,
0x0000012dca6cf000, 0x0000012dcc738000, 0x0000012dcc73a000, 0x0000012dcc739000,
0x0000012dcc73f000, 0x0000012dcc73a800, 0x0000012dcc73c800, 0x0000012dcc73e000
}

Java Threads: ( => current thread )
  0x0000012daf334000 JavaThread "main" [_thread_blocked, id=16608, stack(0x0000000e07f00000,0x0000000e08000000)]
  0x0000012dc8f44000 JavaThread "Reference Handler" daemon [_thread_blocked, id=24564, stack(0x0000000e08600000,0x0000000e08700000)]
  0x0000012dc8f47800 JavaThread "Finalizer" daemon [_thread_blocked, id=21676, stack(0x0000000e08700000,0x0000000e08800000)]
  0x0000012dc9903800 JavaThread "Signal Dispatcher" daemon [_thread_blocked, id=3656, stack(0x0000000e08800000,0x0000000e08900000)]
  0x0000012dc8f62000 JavaThread "Attach Listener" daemon [_thread_blocked, id=19688, stack(0x0000000e08900000,0x0000000e08a00000)]
  0x0000012dc8f66000 JavaThread "Service Thread" daemon [_thread_blocked, id=23584, stack(0x0000000e08a00000,0x0000000e08b00000)]
=>0x0000012dc8f67000 JavaThread "C2 CompilerThread0" daemon [_thread_in_native, id=17512, stack(0x0000000e08b00000,0x0000000e08c00000)]
  0x0000012dc8f68800 JavaThread "C1 CompilerThread0" daemon [_thread_blocked, id=3548, stack(0x0000000e08c00000,0x0000000e08d00000)]
  0x0000012dc8f8b800 JavaThread "Sweeper thread" daemon [_thread_blocked, id=16440, stack(0x0000000e08d00000,0x0000000e08e00000)]
  0x0000012dc9a46000 JavaThread "Common-Cleaner" daemon [_thread_blocked, id=11612, stack(0x0000000e08e00000,0x0000000e08f00000)]
  0x0000012dcaaa1800 JavaThread "Daemon health stats" [_thread_blocked, id=19192, stack(0x0000000e09300000,0x0000000e09400000)]
  0x0000012dc9fff000 JavaThread "Incoming local TCP Connector on port 58627" [_thread_in_native, id=24472, stack(0x0000000e09200000,0x0000000e09300000)]
  0x0000012dcbdfb000 JavaThread "Daemon periodic checks" [_thread_blocked, id=17240, stack(0x0000000e09400000,0x0000000e09500000)]
  0x0000012dcbdd5000 JavaThread "Daemon" [_thread_blocked, id=9372, stack(0x0000000e09500000,0x0000000e09600000)]
  0x0000012dcbb16800 JavaThread "Handler for socket connection from /127.0.0.1:58627 to /127.0.0.1:58628" [_thread_in_native, id=20068, stack(0x0000000e09600000,0x0000000e09700000)]
  0x0000012dcbe0e000 JavaThread "Cancel handler" [_thread_blocked, id=22592, stack(0x0000000e09700000,0x0000000e09800000)]
  0x0000012dcb2e8800 JavaThread "Daemon worker" [_thread_in_vm, id=7372, stack(0x0000000e09800000,0x0000000e09900000)]
  0x0000012dcc03e000 JavaThread "Asynchronous log dispatcher for DefaultDaemonConnection: socket connection from /127.0.0.1:58627 to /127.0.0.1:58628" [_thread_blocked, id=21244, stack(0x0000000e09900000,0x0000000e09a00000)]
  0x0000012dca9ff000 JavaThread "Stdin handler" [_thread_blocked, id=24312, stack(0x0000000e09a00000,0x0000000e09b00000)]
  0x0000012dcb24b000 JavaThread "Daemon client event forwarder" [_thread_blocked, id=6160, stack(0x0000000e09b00000,0x0000000e09c00000)]
  0x0000012dca6d1800 JavaThread "Cache worker for journal cache (C:\Users\ZINEB\.gradle\caches\journal-1)" [_thread_blocked, id=20764, stack(0x0000000e09d00000,0x0000000e09e00000)]
  0x0000012dca6d2000 JavaThread "File lock request listener" [_thread_in_native, id=16332, stack(0x0000000e09e00000,0x0000000e09f00000)]
  0x0000012dca6d3000 JavaThread "Cache worker for file hash cache (C:\Users\ZINEB\.gradle\caches\7.5\fileHashes)" [_thread_blocked, id=7860, stack(0x0000000e09f00000,0x0000000e0a000000)]
  0x0000012dca6cf800 JavaThread "File watcher server" daemon [_thread_in_native, id=19396, stack(0x0000000e0a000000,0x0000000e0a100000)]
  0x0000012dca6ce000 JavaThread "File watcher consumer" daemon [_thread_blocked, id=23968, stack(0x0000000e0a100000,0x0000000e0a200000)]
  0x0000012dca6d0800 JavaThread "Cache worker for checksums cache (C:\Users\ZINEB\AndroidStudioProjects\POKEMONAPI\.gradle\7.5\checksums)" [_thread_blocked, id=6864, stack(0x0000000e0a200000,0x0000000e0a300000)]
  0x0000012dca6d3800 JavaThread "Cache worker for cache directory md-rule (C:\Users\ZINEB\.gradle\caches\7.5\md-rule)" [_thread_blocked, id=11492, stack(0x0000000e0a300000,0x0000000e0a400000)]
  0x0000012dca6d4800 JavaThread "Cache worker for file content cache (C:\Users\ZINEB\.gradle\caches\7.5\fileContent)" [_thread_blocked, id=19744, stack(0x0000000e0a400000,0x0000000e0a500000)]
  0x0000012dca6cf000 JavaThread "Cache worker for file hash cache (C:\Users\ZINEB\AndroidStudioProjects\POKEMONAPI\.gradle\7.5\fileHashes)" [_thread_blocked, id=22060, stack(0x0000000e0a500000,0x0000000e0a600000)]
  0x0000012dcc738000 JavaThread "Cache worker for cache directory md-supplier (C:\Users\ZINEB\.gradle\caches\7.5\md-supplier)" [_thread_blocked, id=6608, stack(0x0000000e0a600000,0x0000000e0a700000)]
  0x0000012dcc73a000 JavaThread "Cache worker for execution history cache (C:\Users\ZINEB\.gradle\caches\7.5\executionHistory)" [_thread_blocked, id=19932, stack(0x0000000e0a700000,0x0000000e0a800000)]
  0x0000012dcc739000 JavaThread "jar transforms" [_thread_blocked, id=23440, stack(0x0000000e0a800000,0x0000000e0a900000)]
  0x0000012dcc73f000 JavaThread "jar transforms Thread 2" [_thread_blocked, id=3088, stack(0x0000000e0a900000,0x0000000e0aa00000)]
  0x0000012dcc73a800 JavaThread "jar transforms Thread 3" [_thread_blocked, id=9256, stack(0x0000000e0aa00000,0x0000000e0ab00000)]
  0x0000012dcc73c800 JavaThread "jar transforms Thread 4" [_thread_blocked, id=23104, stack(0x0000000e0ab00000,0x0000000e0ac00000)]
  0x0000012dcc73e000 JavaThread "Cache worker for dependencies-accessors (C:\Users\ZINEB\AndroidStudioProjects\POKEMONAPI\.gradle\7.5\dependencies-accessors)" [_thread_blocked, id=24448, stack(0x0000000e0ac00000,0x0000000e0ad00000)]

Other Threads:
  0x0000012dc8f41800 VMThread "VM Thread" [stack: 0x0000000e08500000,0x0000000e08600000] [id=22704]
  0x0000012dc9a4e800 WatcherThread [stack: 0x0000000e08f00000,0x0000000e09000000] [id=17596]
  0x0000012daf34c800 GCTaskThread "GC Thread#0" [stack: 0x0000000e08000000,0x0000000e08100000] [id=3136]
  0x0000012dc9af2800 GCTaskThread "GC Thread#1" [stack: 0x0000000e09000000,0x0000000e09100000] [id=19676]
  0x0000012dc9af3800 GCTaskThread "GC Thread#2" [stack: 0x0000000e09100000,0x0000000e09200000] [id=13068]
  0x0000012dcb0ca000 GCTaskThread "GC Thread#3" [stack: 0x0000000e09c00000,0x0000000e09d00000] [id=9440]
  0x0000012daf37f000 ConcurrentGCThread "G1 Main Marker" [stack: 0x0000000e08100000,0x0000000e08200000] [id=19612]
  0x0000012daf380000 ConcurrentGCThread "G1 Conc#0" [stack: 0x0000000e08200000,0x0000000e08300000] [id=22112]
  0x0000012daf3fd800 ConcurrentGCThread "G1 Refine#0" [stack: 0x0000000e08300000,0x0000000e08400000] [id=21804]
  0x0000012daf3fe800 ConcurrentGCThread "G1 Young RemSet Sampling" [stack: 0x0000000e08400000,0x0000000e08500000] [id=5240]

Threads with active compile tasks:
C2 CompilerThread0    15873 4032       4       sun.invoke.util.BytecodeDescriptor::unparseSig (91 bytes)

VM state:not at safepoint (normal execution)

VM Mutex/Monitor currently owned by a thread: None

Heap address: 0x0000000080000000, size: 2048 MB, Compressed Oops mode: 32-bit
Narrow klass base: 0x0000000000000000, Narrow klass shift: 3
Compressed class space size: 1073741824 Address: 0x0000000100000000

Heap:
 garbage-first heap   total 129024K, used 59539K [0x0000000080000000, 0x0000000100000000)
  region size 1024K, 33 young (33792K), 4 survivors (4096K)
 Metaspace       used 47572K, capacity 48721K, committed 48944K, reserved 1091584K
  class space    used 6066K, capacity 6494K, committed 6528K, reserved 1048576K
Heap Regions: E=young(eden), S=young(survivor), O=old, HS=humongous(starts), HC=humongous(continues), CS=collection set, F=free, A=archive, TAMS=top-at-mark-start (previous, next)
|   0|0x0000000080000000, 0x0000000080100000, 0x0000000080100000|100%|HS|  |TAMS 0x0000000080100000, 0x0000000080000000| Complete 
|   1|0x0000000080100000, 0x0000000080200000, 0x0000000080200000|100%|HC|  |TAMS 0x0000000080200000, 0x0000000080100000| Complete 
|   2|0x0000000080200000, 0x0000000080300000, 0x0000000080300000|100%|HC|  |TAMS 0x0000000080300000, 0x0000000080200000| Complete 
|   3|0x0000000080300000, 0x0000000080400000, 0x0000000080400000|100%| O|  |TAMS 0x0000000080400000, 0x0000000080300000| Untracked 
|   4|0x0000000080400000, 0x0000000080500000, 0x0000000080500000|100%| O|  |TAMS 0x0000000080500000, 0x0000000080400000| Untracked 
|   5|0x0000000080500000, 0x0000000080600000, 0x0000000080600000|100%| O|  |TAMS 0x0000000080600000, 0x0000000080500000| Untracked 
|   6|0x0000000080600000, 0x0000000080700000, 0x0000000080700000|100%| O|  |TAMS 0x0000000080700000, 0x0000000080600000| Untracked 
|   7|0x0000000080700000, 0x0000000080800000, 0x0000000080800000|100%| O|  |TAMS 0x0000000080800000, 0x0000000080700000| Untracked 
|   8|0x0000000080800000, 0x0000000080900000, 0x0000000080900000|100%| O|  |TAMS 0x0000000080900000, 0x0000000080800000| Untracked 
|   9|0x0000000080900000, 0x0000000080a00000, 0x0000000080a00000|100%| O|  |TAMS 0x0000000080a00000, 0x0000000080900000| Untracked 
|  10|0x0000000080a00000, 0x0000000080b00000, 0x0000000080b00000|100%| O|  |TAMS 0x0000000080b00000, 0x0000000080a00000| Untracked 
|  11|0x0000000080b00000, 0x0000000080c00000, 0x0000000080c00000|100%| O|  |TAMS 0x0000000080c00000, 0x0000000080b00000| Untracked 
|  12|0x0000000080c00000, 0x0000000080d00000, 0x0000000080d00000|100%| O|  |TAMS 0x0000000080d00000, 0x0000000080c00000| Untracked 
|  13|0x0000000080d00000, 0x0000000080e00000, 0x0000000080e00000|100%| O|  |TAMS 0x0000000080e00000, 0x0000000080d00000| Untracked 
|  14|0x0000000080e00000, 0x0000000080f00000, 0x0000000080f00000|100%| O|  |TAMS 0x0000000080f00000, 0x0000000080e00000| Untracked 
|  15|0x0000000080f00000, 0x0000000081000000, 0x0000000081000000|100%| O|  |TAMS 0x0000000080ff0400, 0x0000000080f00000| Untracked 
|  16|0x0000000081000000, 0x0000000081000000, 0x0000000081100000|  0%| F|  |TAMS 0x0000000081000000, 0x0000000081000000| Untracked 
|  17|0x0000000081100000, 0x0000000081200000, 0x0000000081200000|100%| O|  |TAMS 0x0000000081100000, 0x0000000081100000| Untracked 
|  18|0x0000000081200000, 0x0000000081300000, 0x0000000081300000|100%| O|  |TAMS 0x0000000081200000, 0x0000000081200000| Untracked 
|  19|0x0000000081300000, 0x0000000081400000, 0x0000000081400000|100%| O|  |TAMS 0x0000000081300000, 0x0000000081300000| Untracked 
|  20|0x0000000081400000, 0x0000000081500000, 0x0000000081500000|100%| O|  |TAMS 0x0000000081400000, 0x0000000081400000| Untracked 
|  21|0x0000000081500000, 0x0000000081600000, 0x0000000081600000|100%| O|  |TAMS 0x0000000081500000, 0x0000000081500000| Untracked 
|  22|0x0000000081600000, 0x0000000081700000, 0x0000000081700000|100%| O|  |TAMS 0x0000000081600000, 0x0000000081600000| Untracked 
|  23|0x0000000081700000, 0x0000000081800000, 0x0000000081800000|100%| O|  |TAMS 0x0000000081700000, 0x0000000081700000| Untracked 
|  24|0x0000000081800000, 0x0000000081900000, 0x0000000081900000|100%| O|  |TAMS 0x0000000081800000, 0x0000000081800000| Untracked 
|  25|0x0000000081900000, 0x0000000081a00000, 0x0000000081a00000|100%| O|  |TAMS 0x0000000081900000, 0x0000000081900000| Untracked 
|  26|0x0000000081a00000, 0x0000000081b00000, 0x0000000081b00000|100%| O|  |TAMS 0x0000000081a00000, 0x0000000081a00000| Untracked 
|  27|0x0000000081b00000, 0x0000000081bc8c00, 0x0000000081c00000| 78%| O|  |TAMS 0x0000000081b00000, 0x0000000081b00000| Untracked 
|  28|0x0000000081c00000, 0x0000000081c00000, 0x0000000081d00000|  0%| F|  |TAMS 0x0000000081c00000, 0x0000000081c00000| Untracked 
|  29|0x0000000081d00000, 0x0000000081d00000, 0x0000000081e00000|  0%| F|  |TAMS 0x0000000081d00000, 0x0000000081d00000| Untracked 
|  30|0x0000000081e00000, 0x0000000081e00000, 0x0000000081f00000|  0%| F|  |TAMS 0x0000000081e00000, 0x0000000081e00000| Untracked 
|  31|0x0000000081f00000, 0x0000000081f00000, 0x0000000082000000|  0%| F|  |TAMS 0x0000000081f00000, 0x0000000081f00000| Untracked 
|  32|0x0000000082000000, 0x0000000082000000, 0x0000000082100000|  0%| F|  |TAMS 0x0000000082000000, 0x0000000082000000| Untracked 
|  33|0x0000000082100000, 0x0000000082100000, 0x0000000082200000|  0%| F|  |TAMS 0x0000000082100000, 0x0000000082100000| Untracked 
|  34|0x0000000082200000, 0x0000000082200000, 0x0000000082300000|  0%| F|  |TAMS 0x0000000082200000, 0x0000000082200000| Untracked 
|  35|0x0000000082300000, 0x0000000082300000, 0x0000000082400000|  0%| F|  |TAMS 0x0000000082300000, 0x0000000082300000| Untracked 
|  36|0x0000000082400000, 0x0000000082400000, 0x0000000082500000|  0%| F|  |TAMS 0x0000000082400000, 0x0000000082400000| Untracked 
|  37|0x0000000082500000, 0x0000000082500000, 0x0000000082600000|  0%| F|  |TAMS 0x0000000082500000, 0x0000000082500000| Untracked 
|  38|0x0000000082600000, 0x0000000082600000, 0x0000000082700000|  0%| F|  |TAMS 0x0000000082600000, 0x0000000082600000| Untracked 
|  39|0x0000000082700000, 0x0000000082700000, 0x0000000082800000|  0%| F|  |TAMS 0x0000000082700000, 0x0000000082700000| Untracked 
|  40|0x0000000082800000, 0x0000000082800000, 0x0000000082900000|  0%| F|  |TAMS 0x0000000082800000, 0x0000000082800000| Untracked 
|  41|0x0000000082900000, 0x0000000082900000, 0x0000000082a00000|  0%| F|  |TAMS 0x0000000082900000, 0x0000000082900000| Untracked 
|  42|0x0000000082a00000, 0x0000000082a00000, 0x0000000082b00000|  0%| F|  |TAMS 0x0000000082a00000, 0x0000000082a00000| Untracked 
|  43|0x0000000082b00000, 0x0000000082b00000, 0x0000000082c00000|  0%| F|  |TAMS 0x0000000082b00000, 0x0000000082b00000| Untracked 
|  44|0x0000000082c00000, 0x0000000082c00000, 0x0000000082d00000|  0%| F|  |TAMS 0x0000000082c00000, 0x0000000082c00000| Untracked 
|  45|0x0000000082d00000, 0x0000000082d00000, 0x0000000082e00000|  0%| F|  |TAMS 0x0000000082d00000, 0x0000000082d00000| Untracked 
|  46|0x0000000082e00000, 0x0000000082e00000, 0x0000000082f00000|  0%| F|  |TAMS 0x0000000082e00000, 0x0000000082e00000| Untracked 
|  47|0x0000000082f00000, 0x0000000082f00000, 0x0000000083000000|  0%| F|  |TAMS 0x0000000082f00000, 0x0000000082f00000| Untracked 
|  48|0x0000000083000000, 0x0000000083000000, 0x0000000083100000|  0%| F|  |TAMS 0x0000000083000000, 0x0000000083000000| Untracked 
|  49|0x0000000083100000, 0x0000000083100000, 0x0000000083200000|  0%| F|  |TAMS 0x0000000083100000, 0x0000000083100000| Untracked 
|  50|0x0000000083200000, 0x0000000083200000, 0x0000000083300000|  0%| F|  |TAMS 0x0000000083200000, 0x0000000083200000| Untracked 
|  51|0x0000000083300000, 0x0000000083300000, 0x0000000083400000|  0%| F|  |TAMS 0x0000000083300000, 0x0000000083300000| Untracked 
|  52|0x0000000083400000, 0x0000000083400000, 0x0000000083500000|  0%| F|  |TAMS 0x0000000083400000, 0x0000000083400000| Untracked 
|  53|0x0000000083500000, 0x0000000083500000, 0x0000000083600000|  0%| F|  |TAMS 0x0000000083500000, 0x0000000083500000| Untracked 
|  54|0x0000000083600000, 0x0000000083600000, 0x0000000083700000|  0%| F|  |TAMS 0x0000000083600000, 0x0000000083600000| Untracked 
|  55|0x0000000083700000, 0x0000000083700000, 0x0000000083800000|  0%| F|  |TAMS 0x0000000083700000, 0x0000000083700000| Untracked 
|  56|0x0000000083800000, 0x0000000083800000, 0x0000000083900000|  0%| F|  |TAMS 0x0000000083800000, 0x0000000083800000| Untracked 
|  57|0x0000000083900000, 0x0000000083900000, 0x0000000083a00000|  0%| F|  |TAMS 0x0000000083900000, 0x0000000083900000| Untracked 
|  58|0x0000000083a00000, 0x0000000083a00000, 0x0000000083b00000|  0%| F|  |TAMS 0x0000000083a00000, 0x0000000083a00000| Untracked 
|  59|0x0000000083b00000, 0x0000000083b00000, 0x0000000083c00000|  0%| F|  |TAMS 0x0000000083b00000, 0x0000000083b00000| Untracked 
|  60|0x0000000083c00000, 0x0000000083c00000, 0x0000000083d00000|  0%| F|  |TAMS 0x0000000083c00000, 0x0000000083c00000| Untracked 
|  61|0x0000000083d00000, 0x0000000083d00000, 0x0000000083e00000|  0%| F|  |TAMS 0x0000000083d00000, 0x0000000083d00000| Untracked 
|  62|0x0000000083e00000, 0x0000000083e00000, 0x0000000083f00000|  0%| F|  |TAMS 0x0000000083e00000, 0x0000000083e00000| Untracked 
|  63|0x0000000083f00000, 0x0000000083f00000, 0x0000000084000000|  0%| F|  |TAMS 0x0000000083f00000, 0x0000000083f00000| Untracked 
|  64|0x0000000084000000, 0x0000000084000000, 0x0000000084100000|  0%| F|  |TAMS 0x0000000084000000, 0x0000000084000000| Untracked 
|  65|0x0000000084100000, 0x0000000084100000, 0x0000000084200000|  0%| F|  |TAMS 0x0000000084100000, 0x0000000084100000| Untracked 
|  66|0x0000000084200000, 0x0000000084200000, 0x0000000084300000|  0%| F|  |TAMS 0x0000000084200000, 0x0000000084200000| Untracked 
|  67|0x0000000084300000, 0x000000008435c290, 0x0000000084400000| 36%| S|CS|TAMS 0x0000000084300000, 0x0000000084300000| Complete 
|  68|0x0000000084400000, 0x0000000084500000, 0x0000000084500000|100%| S|CS|TAMS 0x0000000084400000, 0x0000000084400000| Complete 
|  69|0x0000000084500000, 0x0000000084600000, 0x0000000084600000|100%| S|CS|TAMS 0x0000000084500000, 0x0000000084500000| Complete 
|  70|0x0000000084600000, 0x0000000084700000, 0x0000000084700000|100%| S|CS|TAMS 0x0000000084600000, 0x0000000084600000| Complete 
|  71|0x0000000084700000, 0x0000000084700000, 0x0000000084800000|  0%| F|  |TAMS 0x0000000084700000, 0x0000000084700000| Untracked 
|  72|0x0000000084800000, 0x0000000084800000, 0x0000000084900000|  0%| F|  |TAMS 0x0000000084800000, 0x0000000084800000| Untracked 
|  73|0x0000000084900000, 0x0000000084900000, 0x0000000084a00000|  0%| F|  |TAMS 0x0000000084900000, 0x0000000084900000| Untracked 
|  74|0x0000000084a00000, 0x0000000084a00000, 0x0000000084b00000|  0%| F|  |TAMS 0x0000000084a00000, 0x0000000084a00000| Untracked 
|  75|0x0000000084b00000, 0x0000000084b00000, 0x0000000084c00000|  0%| F|  |TAMS 0x0000000084b00000, 0x0000000084b00000| Untracked 
|  76|0x0000000084c00000, 0x0000000084c00000, 0x0000000084d00000|  0%| F|  |TAMS 0x0000000084c00000, 0x0000000084c00000| Untracked 
|  77|0x0000000084d00000, 0x0000000084d00000, 0x0000000084e00000|  0%| F|  |TAMS 0x0000000084d00000, 0x0000000084d00000| Untracked 
|  78|0x0000000084e00000, 0x0000000084e00000, 0x0000000084f00000|  0%| F|  |TAMS 0x0000000084e00000, 0x0000000084e00000| Untracked 
|  79|0x0000000084f00000, 0x0000000084f00000, 0x0000000085000000|  0%| F|  |TAMS 0x0000000084f00000, 0x0000000084f00000| Untracked 
|  80|0x0000000085000000, 0x0000000085000000, 0x0000000085100000|  0%| F|  |TAMS 0x0000000085000000, 0x0000000085000000| Untracked 
|  81|0x0000000085100000, 0x0000000085100000, 0x0000000085200000|  0%| F|  |TAMS 0x0000000085100000, 0x0000000085100000| Untracked 
|  82|0x0000000085200000, 0x0000000085200000, 0x0000000085300000|  0%| F|  |TAMS 0x0000000085200000, 0x0000000085200000| Untracked 
|  83|0x0000000085300000, 0x0000000085300000, 0x0000000085400000|  0%| F|  |TAMS 0x0000000085300000, 0x0000000085300000| Untracked 
|  84|0x0000000085400000, 0x0000000085400000, 0x0000000085500000|  0%| F|  |TAMS 0x0000000085400000, 0x0000000085400000| Untracked 
|  85|0x0000000085500000, 0x0000000085500000, 0x0000000085600000|  0%| F|  |TAMS 0x0000000085500000, 0x0000000085500000| Untracked 
|  86|0x0000000085600000, 0x0000000085600000, 0x0000000085700000|  0%| F|  |TAMS 0x0000000085600000, 0x0000000085600000| Untracked 
|  87|0x0000000085700000, 0x0000000085700000, 0x0000000085800000|  0%| F|  |TAMS 0x0000000085700000, 0x0000000085700000| Untracked 
|  88|0x0000000085800000, 0x0000000085800000, 0x0000000085900000|  0%| F|  |TAMS 0x0000000085800000, 0x0000000085800000| Untracked 
|  89|0x0000000085900000, 0x0000000085900000, 0x0000000085a00000|  0%| F|  |TAMS 0x0000000085900000, 0x0000000085900000| Untracked 
|  90|0x0000000085a00000, 0x0000000085a00000, 0x0000000085b00000|  0%| F|  |TAMS 0x0000000085a00000, 0x0000000085a00000| Untracked 
|  91|0x0000000085b00000, 0x0000000085b00000, 0x0000000085c00000|  0%| F|  |TAMS 0x0000000085b00000, 0x0000000085b00000| Untracked 
|  92|0x0000000085c00000, 0x0000000085c00000, 0x0000000085d00000|  0%| F|  |TAMS 0x0000000085c00000, 0x0000000085c00000| Untracked 
|  93|0x0000000085d00000, 0x0000000085d00000, 0x0000000085e00000|  0%| F|  |TAMS 0x0000000085d00000, 0x0000000085d00000| Untracked 
|  94|0x0000000085e00000, 0x0000000085e00000, 0x0000000085f00000|  0%| F|  |TAMS 0x0000000085e00000, 0x0000000085e00000| Untracked 
|  95|0x0000000085f00000, 0x0000000085f00000, 0x0000000086000000|  0%| F|  |TAMS 0x0000000085f00000, 0x0000000085f00000| Untracked 
|  96|0x0000000086000000, 0x0000000086000000, 0x0000000086100000|  0%| F|  |TAMS 0x0000000086000000, 0x0000000086000000| Untracked 
|  97|0x0000000086100000, 0x0000000086180fe8, 0x0000000086200000| 50%| E|  |TAMS 0x0000000086100000, 0x0000000086100000| Complete 
|  98|0x0000000086200000, 0x0000000086300000, 0x0000000086300000|100%| E|CS|TAMS 0x0000000086200000, 0x0000000086200000| Complete 
|  99|0x0000000086300000, 0x0000000086400000, 0x0000000086400000|100%| E|CS|TAMS 0x0000000086300000, 0x0000000086300000| Complete 
| 100|0x0000000086400000, 0x0000000086500000, 0x0000000086500000|100%| E|CS|TAMS 0x0000000086400000, 0x0000000086400000| Complete 
| 101|0x0000000086500000, 0x0000000086600000, 0x0000000086600000|100%| E|CS|TAMS 0x0000000086500000, 0x0000000086500000| Complete 
| 102|0x0000000086600000, 0x0000000086700000, 0x0000000086700000|100%| E|CS|TAMS 0x0000000086600000, 0x0000000086600000| Complete 
| 103|0x0000000086700000, 0x0000000086800000, 0x0000000086800000|100%| E|CS|TAMS 0x0000000086700000, 0x0000000086700000| Complete 
| 104|0x0000000086800000, 0x0000000086900000, 0x0000000086900000|100%| E|CS|TAMS 0x0000000086800000, 0x0000000086800000| Complete 
| 105|0x0000000086900000, 0x0000000086a00000, 0x0000000086a00000|100%| E|CS|TAMS 0x0000000086900000, 0x0000000086900000| Complete 
| 106|0x0000000086a00000, 0x0000000086b00000, 0x0000000086b00000|100%| E|CS|TAMS 0x0000000086a00000, 0x0000000086a00000| Complete 
| 107|0x0000000086b00000, 0x0000000086c00000, 0x0000000086c00000|100%| E|CS|TAMS 0x0000000086b00000, 0x0000000086b00000| Complete 
| 108|0x0000000086c00000, 0x0000000086d00000, 0x0000000086d00000|100%| E|CS|TAMS 0x0000000086c00000, 0x0000000086c00000| Complete 
| 109|0x0000000086d00000, 0x0000000086e00000, 0x0000000086e00000|100%| E|CS|TAMS 0x0000000086d00000, 0x0000000086d00000| Complete 
| 110|0x0000000086e00000, 0x0000000086f00000, 0x0000000086f00000|100%| E|CS|TAMS 0x0000000086e00000, 0x0000000086e00000| Complete 
| 111|0x0000000086f00000, 0x0000000087000000, 0x0000000087000000|100%| E|CS|TAMS 0x0000000086f00000, 0x0000000086f00000| Complete 
| 112|0x0000000087000000, 0x0000000087100000, 0x0000000087100000|100%| E|CS|TAMS 0x0000000087000000, 0x0000000087000000| Complete 
| 113|0x0000000087100000, 0x0000000087200000, 0x0000000087200000|100%| E|CS|TAMS 0x0000000087100000, 0x0000000087100000| Complete 
| 114|0x0000000087200000, 0x0000000087300000, 0x0000000087300000|100%| E|CS|TAMS 0x0000000087200000, 0x0000000087200000| Complete 
| 115|0x0000000087300000, 0x0000000087400000, 0x0000000087400000|100%| E|CS|TAMS 0x0000000087300000, 0x0000000087300000| Complete 
| 116|0x0000000087400000, 0x0000000087500000, 0x0000000087500000|100%| E|CS|TAMS 0x0000000087400000, 0x0000000087400000| Complete 
| 117|0x0000000087500000, 0x0000000087600000, 0x0000000087600000|100%| E|CS|TAMS 0x0000000087500000, 0x0000000087500000| Complete 
| 118|0x0000000087600000, 0x0000000087700000, 0x0000000087700000|100%| E|CS|TAMS 0x0000000087600000, 0x0000000087600000| Complete 
| 119|0x0000000087700000, 0x0000000087800000, 0x0000000087800000|100%| E|CS|TAMS 0x0000000087700000, 0x0000000087700000| Complete 
| 120|0x0000000087800000, 0x0000000087900000, 0x0000000087900000|100%| E|CS|TAMS 0x0000000087800000, 0x0000000087800000| Complete 
| 121|0x0000000087900000, 0x0000000087a00000, 0x0000000087a00000|100%| E|CS|TAMS 0x0000000087900000, 0x0000000087900000| Complete 
| 122|0x0000000087a00000, 0x0000000087b00000, 0x0000000087b00000|100%| E|CS|TAMS 0x0000000087a00000, 0x0000000087a00000| Complete 
| 123|0x0000000087b00000, 0x0000000087c00000, 0x0000000087c00000|100%| E|CS|TAMS 0x0000000087b00000, 0x0000000087b00000| Complete 
| 124|0x0000000087c00000, 0x0000000087d00000, 0x0000000087d00000|100%| E|CS|TAMS 0x0000000087c00000, 0x0000000087c00000| Complete 
| 125|0x0000000087d00000, 0x0000000087e00000, 0x0000000087e00000|100%| E|CS|TAMS 0x0000000087d00000, 0x0000000087d00000| Complete 

Card table byte_map: [0x0000012dc2260000,0x0000012dc2660000] _byte_map_base: 0x0000012dc1e60000

Marking Bits (Prev, Next): (CMBitMap*) 0x0000012daf375fa8, (CMBitMap*) 0x0000012daf375fe0
 Prev Bits: [0x0000012dc2a60000, 0x0000012dc4a60000)
 Next Bits: [0x0000012dc4a60000, 0x0000012dc6a60000)

Polling page: 0x0000012dad0d0000

Metaspace:

Usage:
  Non-class:     41.24 MB capacity,    40.53 MB ( 98%) used,   600.70 KB (  1%) free+waste,   120.69 KB ( <1%) overhead. 
      Class:      6.34 MB capacity,     5.92 MB ( 93%) used,   369.61 KB (  6%) free+waste,    57.88 KB ( <1%) overhead. 
       Both:     47.58 MB capacity,    46.46 MB ( 98%) used,   970.30 KB (  2%) free+waste,   178.56 KB ( <1%) overhead. 

Virtual space:
  Non-class space:       42.00 MB reserved,      41.42 MB ( 99%) committed 
      Class space:        1.00 GB reserved,       6.38 MB ( <1%) committed 
             Both:        1.04 GB reserved,      47.80 MB (  4%) committed 

Chunk freelists:
   Non-Class:  0 bytes
       Class:  2.00 KB
        Both:  2.00 KB

MaxMetaspaceSize: 17179869184.00 GB
CompressedClassSpaceSize: 1.00 GB
Initial GC threshold: 20.80 MB
Current GC threshold: 58.83 MB
CDS: off

CodeHeap 'non-profiled nmethods': size=120064Kb used=2164Kb max_used=2164Kb free=117899Kb
 bounds [0x0000012dba920000, 0x0000012dbab90000, 0x0000012dc1e60000]
CodeHeap 'profiled nmethods': size=120000Kb used=8663Kb max_used=8663Kb free=111336Kb
 bounds [0x0000012db33f0000, 0x0000012db3c70000, 0x0000012dba920000]
CodeHeap 'non-nmethods': size=5696Kb used=2295Kb max_used=2319Kb free=3400Kb
 bounds [0x0000012db2e60000, 0x0000012db30d0000, 0x0000012db33f0000]
 total_blobs=4824 nmethods=4027 adapters=709
 compilation: enabled
              stopped_count=0, restarted_count=0
 full_count=0

Compilation events (20 events):
Event: 15.796 Thread 0x0000012dc8f68800 nmethod 4028 0x0000012db3c60b90 code [0x0000012db3c60e60, 0x0000012db3c61a38]
Event: 15.796 Thread 0x0000012dc8f68800 4029       3       com.esotericsoftware.kryo.io.Input::readUtf8Length (139 bytes)
Event: 15.797 Thread 0x0000012dc8f68800 nmethod 4029 0x0000012db3c61f10 code [0x0000012db3c620e0, 0x0000012db3c623f8]
Event: 15.802 Thread 0x0000012dc8f68800 4030       3       com.google.common.math.IntMath::isPowerOfTwo (24 bytes)
Event: 15.802 Thread 0x0000012dc8f68800 nmethod 4030 0x0000012db3c62510 code [0x0000012db3c626c0, 0x0000012db3c62858]
Event: 15.802 Thread 0x0000012dc8f68800 4031       3       com.google.common.math.MathPreconditions::checkRoundingUnnecessary (15 bytes)
Event: 15.803 Thread 0x0000012dc8f68800 nmethod 4031 0x0000012db3c62910 code [0x0000012db3c62ae0, 0x0000012db3c62cc8]
Event: 15.808 Thread 0x0000012dc8f67000 4032       4       sun.invoke.util.BytecodeDescriptor::unparseSig (91 bytes)
Event: 15.823 Thread 0x0000012dc8f68800 4034       3       com.google.common.collect.UnmodifiableIterator::<init> (5 bytes)
Event: 15.823 Thread 0x0000012dc8f68800 nmethod 4034 0x0000012db3c62d90 code [0x0000012db3c62f40, 0x0000012db3c63098]
Event: 15.825 Thread 0x0000012dc8f68800 4035       1       org.gradle.api.attributes.Attribute::hashCode (5 bytes)
Event: 15.825 Thread 0x0000012dc8f68800 nmethod 4035 0x0000012dbab3cd90 code [0x0000012dbab3cf40, 0x0000012dbab3cff8]
Event: 15.827 Thread 0x0000012dc8f68800 4037       3       com.google.common.collect.RegularImmutableMap::fromEntryArray (201 bytes)
Event: 15.828 Thread 0x0000012dc8f68800 nmethod 4037 0x0000012db3c63190 code [0x0000012db3c634e0, 0x0000012db3c64a48]
Event: 15.829 Thread 0x0000012dc8f68800 4038       3       java.util.concurrent.atomic.AtomicReferenceArray::<init> (13 bytes)
Event: 15.829 Thread 0x0000012dc8f68800 nmethod 4038 0x0000012db3c65310 code [0x0000012db3c654c0, 0x0000012db3c65718]
Event: 15.829 Thread 0x0000012dc8f68800 4039       1       com.google.common.cache.LocalCache$2::offer (2 bytes)
Event: 15.829 Thread 0x0000012dc8f68800 nmethod 4039 0x0000012dbab3d090 code [0x0000012dbab3d240, 0x0000012dbab3d2f8]
Event: 15.830 Thread 0x0000012dc8f68800 4040       3       com.google.common.base.Preconditions::checkState (17 bytes)
Event: 15.834 Thread 0x0000012dc8f68800 nmethod 4040 0x0000012db3c65810 code [0x0000012db3c65a00, 0x0000012db3c65d58]

GC Heap History (18 events):
Event: 1.267 GC heap before
{Heap before GC invocations=0 (full 0):
 garbage-first heap   total 129024K, used 16384K [0x0000000080000000, 0x0000000100000000)
  region size 1024K, 14 young (14336K), 0 survivors (0K)
 Metaspace       used 6756K, capacity 6993K, committed 7168K, reserved 1056768K
  class space    used 571K, capacity 650K, committed 768K, reserved 1048576K
}
Event: 1.398 GC heap after
{Heap after GC invocations=1 (full 0):
 garbage-first heap   total 129024K, used 4031K [0x0000000080000000, 0x0000000100000000)
  region size 1024K, 2 young (2048K), 2 survivors (2048K)
 Metaspace       used 6756K, capacity 6993K, committed 7168K, reserved 1056768K
  class space    used 571K, capacity 650K, committed 768K, reserved 1048576K
}
Event: 5.471 GC heap before
{Heap before GC invocations=1 (full 0):
 garbage-first heap   total 129024K, used 82879K [0x0000000080000000, 0x0000000100000000)
  region size 1024K, 75 young (76800K), 2 survivors (2048K)
 Metaspace       used 17372K, capacity 17818K, committed 18048K, reserved 1064960K
  class space    used 1992K, capacity 2135K, committed 2176K, reserved 1048576K
}
Event: 5.543 GC heap after
{Heap after GC invocations=2 (full 0):
 garbage-first heap   total 129024K, used 15759K [0x0000000080000000, 0x0000000100000000)
  region size 1024K, 10 young (10240K), 10 survivors (10240K)
 Metaspace       used 17372K, capacity 17818K, committed 18048K, reserved 1064960K
  class space    used 1992K, capacity 2135K, committed 2176K, reserved 1048576K
}
Event: 5.765 GC heap before
{Heap before GC invocations=2 (full 0):
 garbage-first heap   total 129024K, used 31119K [0x0000000080000000, 0x0000000100000000)
  region size 1024K, 25 young (25600K), 10 survivors (10240K)
 Metaspace       used 19032K, capacity 19485K, committed 19584K, reserved 1067008K
  class space    used 2238K, capacity 2353K, committed 2432K, reserved 1048576K
}
Event: 5.773 GC heap after
{Heap after GC invocations=3 (full 0):
 garbage-first heap   total 129024K, used 16754K [0x0000000080000000, 0x0000000100000000)
  region size 1024K, 1 young (1024K), 1 survivors (1024K)
 Metaspace       used 19032K, capacity 19485K, committed 19584K, reserved 1067008K
  class space    used 2238K, capacity 2353K, committed 2432K, reserved 1048576K
}
Event: 6.138 GC heap before
{Heap before GC invocations=3 (full 0):
 garbage-first heap   total 129024K, used 35186K [0x0000000080000000, 0x0000000100000000)
  region size 1024K, 20 young (20480K), 1 survivors (1024K)
 Metaspace       used 20796K, capacity 21187K, committed 21296K, reserved 1069056K
  class space    used 2523K, capacity 2685K, committed 2688K, reserved 1048576K
}
Event: 6.141 GC heap after
{Heap after GC invocations=4 (full 0):
 garbage-first heap   total 129024K, used 16961K [0x0000000080000000, 0x0000000100000000)
  region size 1024K, 2 young (2048K), 2 survivors (2048K)
 Metaspace       used 20796K, capacity 21187K, committed 21296K, reserved 1069056K
  class space    used 2523K, capacity 2685K, committed 2688K, reserved 1048576K
}
Event: 7.439 GC heap before
{Heap before GC invocations=5 (full 0):
 garbage-first heap   total 129024K, used 59969K [0x0000000080000000, 0x0000000100000000)
  region size 1024K, 44 young (45056K), 2 survivors (2048K)
 Metaspace       used 25078K, capacity 25653K, committed 25904K, reserved 1071104K
  class space    used 3221K, capacity 3416K, committed 3456K, reserved 1048576K
}
Event: 7.447 GC heap after
{Heap after GC invocations=6 (full 0):
 garbage-first heap   total 129024K, used 18396K [0x0000000080000000, 0x0000000100000000)
  region size 1024K, 3 young (3072K), 3 survivors (3072K)
 Metaspace       used 25078K, capacity 25653K, committed 25904K, reserved 1071104K
  class space    used 3221K, capacity 3416K, committed 3456K, reserved 1048576K
}
Event: 8.881 GC heap before
{Heap before GC invocations=6 (full 0):
 garbage-first heap   total 129024K, used 70620K [0x0000000080000000, 0x0000000100000000)
  region size 1024K, 54 young (55296K), 3 survivors (3072K)
 Metaspace       used 30008K, capacity 30785K, committed 30896K, reserved 1075200K
  class space    used 3995K, capacity 4282K, committed 4352K, reserved 1048576K
}
Event: 8.886 GC heap after
{Heap after GC invocations=7 (full 0):
 garbage-first heap   total 129024K, used 20160K [0x0000000080000000, 0x0000000100000000)
  region size 1024K, 5 young (5120K), 5 survivors (5120K)
 Metaspace       used 30008K, capacity 30785K, committed 30896K, reserved 1075200K
  class space    used 3995K, capacity 4282K, committed 4352K, reserved 1048576K
}
Event: 10.357 GC heap before
{Heap before GC invocations=7 (full 0):
 garbage-first heap   total 129024K, used 46784K [0x0000000080000000, 0x0000000100000000)
  region size 1024K, 32 young (32768K), 5 survivors (5120K)
 Metaspace       used 34891K, capacity 35726K, committed 35888K, reserved 1081344K
  class space    used 4557K, capacity 4889K, committed 4992K, reserved 1048576K
}
Event: 10.365 GC heap after
{Heap after GC invocations=8 (full 0):
 garbage-first heap   total 129024K, used 22465K [0x0000000080000000, 0x0000000100000000)
  region size 1024K, 6 young (6144K), 6 survivors (6144K)
 Metaspace       used 34891K, capacity 35726K, committed 35888K, reserved 1081344K
  class space    used 4557K, capacity 4889K, committed 4992K, reserved 1048576K
}
Event: 11.648 GC heap before
{Heap before GC invocations=9 (full 0):
 garbage-first heap   total 129024K, used 81857K [0x0000000080000000, 0x0000000100000000)
  region size 1024K, 62 young (63488K), 6 survivors (6144K)
 Metaspace       used 40668K, capacity 41612K, committed 41904K, reserved 1085440K
  class space    used 5137K, capacity 5521K, committed 5632K, reserved 1048576K
}
Event: 11.661 GC heap after
{Heap after GC invocations=10 (full 0):
 garbage-first heap   total 129024K, used 27422K [0x0000000080000000, 0x0000000100000000)
  region size 1024K, 8 young (8192K), 8 survivors (8192K)
 Metaspace       used 40668K, capacity 41612K, committed 41904K, reserved 1085440K
  class space    used 5137K, capacity 5521K, committed 5632K, reserved 1048576K
}
Event: 15.350 GC heap before
{Heap before GC invocations=10 (full 0):
 garbage-first heap   total 129024K, used 83742K [0x0000000080000000, 0x0000000100000000)
  region size 1024K, 63 young (64512K), 8 survivors (8192K)
 Metaspace       used 45505K, capacity 46588K, committed 46896K, reserved 1089536K
  class space    used 5777K, capacity 6187K, committed 6272K, reserved 1048576K
}
Event: 15.367 GC heap after
{Heap after GC invocations=11 (full 0):
 garbage-first heap   total 129024K, used 30867K [0x0000000080000000, 0x0000000100000000)
  region size 1024K, 4 young (4096K), 4 survivors (4096K)
 Metaspace       used 45505K, capacity 46588K, committed 46896K, reserved 1089536K
  class space    used 5777K, capacity 6187K, committed 6272K, reserved 1048576K
}

Deoptimization events (20 events):
Event: 15.069 Thread 0x0000012dcb2e8800 DEOPT PACKING pc=0x0000012dbaa492ec sp=0x0000000e098f7da0
Event: 15.069 Thread 0x0000012dcb2e8800 DEOPT UNPACKING pc=0x0000012db2eaa1af sp=0x0000000e098f7d48 mode 2
Event: 15.082 Thread 0x0000012dcb2e8800 Uncommon trap: trap_request=0xffffffc6 fr.pc=0x0000012dbaa492ec relative=0x000000000000020c
Event: 15.082 Thread 0x0000012dcb2e8800 Uncommon trap: reason=bimorphic_or_optimized_type_check action=maybe_recompile pc=0x0000012dbaa492ec method=com.google.common.base.CharMatcher.indexIn(Ljava/lang/CharSequence;I)I @ 31 c2
Event: 15.082 Thread 0x0000012dcb2e8800 DEOPT PACKING pc=0x0000012dbaa492ec sp=0x0000000e098f97e0
Event: 15.082 Thread 0x0000012dcb2e8800 DEOPT UNPACKING pc=0x0000012db2eaa1af sp=0x0000000e098f9788 mode 2
Event: 15.376 Thread 0x0000012dcb2e8800 Uncommon trap: trap_request=0xffffff4d fr.pc=0x0000012dba97ef90 relative=0x00000000000001d0
Event: 15.376 Thread 0x0000012dcb2e8800 Uncommon trap: reason=unstable_if action=reinterpret pc=0x0000012dba97ef90 method=java.net.URI$Parser.scan(IILjava/lang/String;)I @ 26 c2
Event: 15.376 Thread 0x0000012dcb2e8800 DEOPT PACKING pc=0x0000012dba97ef90 sp=0x0000000e098f8c50
Event: 15.376 Thread 0x0000012dcb2e8800 DEOPT UNPACKING pc=0x0000012db2eaa1af sp=0x0000000e098f8be0 mode 2
Event: 15.376 Thread 0x0000012dcb2e8800 Uncommon trap: trap_request=0xffffff4d fr.pc=0x0000012dba97add4 relative=0x0000000000000114
Event: 15.376 Thread 0x0000012dcb2e8800 Uncommon trap: reason=unstable_if action=reinterpret pc=0x0000012dba97add4 method=java.net.URI.match(CJJ)Z @ 45 c2
Event: 15.376 Thread 0x0000012dcb2e8800 DEOPT PACKING pc=0x0000012dba97add4 sp=0x0000000e098f89c0
Event: 15.376 Thread 0x0000012dcb2e8800 DEOPT UNPACKING pc=0x0000012db2eaa1af sp=0x0000000e098f88f8 mode 2
Event: 15.376 Thread 0x0000012dcb2e8800 Uncommon trap: trap_request=0xffffff4d fr.pc=0x0000012dba940b68 relative=0x0000000000000048
Event: 15.376 Thread 0x0000012dcb2e8800 Uncommon trap: reason=unstable_if action=reinterpret pc=0x0000012dba940b68 method=java.net.URI.match(CJJ)Z @ 19 c2
Event: 15.376 Thread 0x0000012dcb2e8800 DEOPT PACKING pc=0x0000012dba940b68 sp=0x0000000e098f89d0
Event: 15.376 Thread 0x0000012dcb2e8800 DEOPT UNPACKING pc=0x0000012db2eaa1af sp=0x0000000e098f8980 mode 2
Event: 15.479 Thread 0x0000012dcb2e8800 DEOPT PACKING pc=0x0000012db3b2e9f4 sp=0x0000000e098f5b90
Event: 15.479 Thread 0x0000012dcb2e8800 DEOPT UNPACKING pc=0x0000012db2eaa95e sp=0x0000000e098f5130 mode 0

Classes redefined (0 events):
No events

Internal exceptions (20 events):
Event: 12.147 Thread 0x0000012dcb2e8800 Exception <a 'java/lang/ClassNotFoundException'{0x000000008706c030}: org/gradle/initialization/DefaultProjectDescriptorBeanInfo> (0x000000008706c030) thrown at [src/hotspot/share/classfile/systemDictionary.cpp, line 230]
Event: 12.148 Thread 0x0000012dcb2e8800 Exception <a 'java/lang/ClassNotFoundException'{0x0000000087093198}: org/gradle/initialization/DefaultProjectDescriptorCustomizer> (0x0000000087093198) thrown at [src/hotspot/share/classfile/systemDictionary.cpp, line 230]
Event: 12.151 Thread 0x0000012dcb2e8800 Implicit null exception at 0x0000012dbaa7166c to 0x0000012dbaa71714
Event: 12.800 Thread 0x0000012dcb24b000 Exception <a 'java/lang/NoSuchMethodError'{0x0000000086489c18}: <clinit>> (0x0000000086489c18) thrown at [src/hotspot/share/prims/jni.cpp, line 1367]
Event: 12.801 Thread 0x0000012dcb24b000 Exception <a 'java/lang/NoSuchMethodError'{0x000000008648b308}: <clinit>> (0x000000008648b308) thrown at [src/hotspot/share/prims/jni.cpp, line 1367]
Event: 12.803 Thread 0x0000012dcb24b000 Exception <a 'java/lang/NoSuchMethodError'{0x000000008649aae8}: <clinit>> (0x000000008649aae8) thrown at [src/hotspot/share/prims/jni.cpp, line 1367]
Event: 12.803 Thread 0x0000012dcb24b000 Exception <a 'java/lang/NoSuchMethodError'{0x000000008649d0e0}: <clinit>> (0x000000008649d0e0) thrown at [src/hotspot/share/prims/jni.cpp, line 1367]
Event: 12.806 Thread 0x0000012dcb24b000 Exception <a 'java/lang/NoSuchMethodError'{0x00000000864acfe0}: <clinit>> (0x00000000864acfe0) thrown at [src/hotspot/share/prims/jni.cpp, line 1367]
Event: 13.235 Thread 0x0000012dcb2e8800 Implicit null exception at 0x0000012dbaa269f4 to 0x0000012dbaa26c04
Event: 13.235 Thread 0x0000012dcb2e8800 Implicit null exception at 0x0000012dba94be78 to 0x0000012dba94bf0a
Event: 15.009 Thread 0x0000012dcb2e8800 Exception <a 'java/lang/ClassNotFoundException'{0x0000000084f3c658}: build_9x2ou2w20e48jjgsvxdrrxkb0BeanInfo> (0x0000000084f3c658) thrown at [src/hotspot/share/classfile/systemDictionary.cpp, line 230]
Event: 15.013 Thread 0x0000012dcb2e8800 Exception <a 'java/lang/ClassNotFoundException'{0x0000000084f540d8}: org/gradle/api/internal/project/ProjectScriptBeanInfo> (0x0000000084f540d8) thrown at [src/hotspot/share/classfile/systemDictionary.cpp, line 230]
Event: 15.015 Thread 0x0000012dcb2e8800 Exception <a 'java/lang/ClassNotFoundException'{0x0000000084f6bd28}: org/gradle/api/internal/project/ProjectScriptCustomizer> (0x0000000084f6bd28) thrown at [src/hotspot/share/classfile/systemDictionary.cpp, line 230]
Event: 15.016 Thread 0x0000012dcb2e8800 Exception <a 'java/lang/ClassNotFoundException'{0x0000000084f88080}: build_9x2ou2w20e48jjgsvxdrrxkb0Customizer> (0x0000000084f88080) thrown at [src/hotspot/share/classfile/systemDictionary.cpp, line 230]
Event: 15.050 Thread 0x0000012dcb2e8800 Exception <a 'java/lang/ClassNotFoundException'{0x0000000084e1ecf0}: org/gradle/plugin/use/internal/PluginRequestCollector$PluginDependenciesSpecImplBeanInfo> (0x0000000084e1ecf0) thrown at [src/hotspot/share/classfile/systemDictionary.cpp, line 230]
Event: 15.053 Thread 0x0000012dcb2e8800 Exception <a 'java/lang/ClassNotFoundException'{0x0000000084e4f000}: org/gradle/plugin/use/internal/PluginRequestCollector$PluginDependenciesSpecImplCustomizer> (0x0000000084e4f000) thrown at [src/hotspot/share/classfile/systemDictionary.cpp, line 230]
Event: 15.065 Thread 0x0000012dcb2e8800 Exception <a 'java/lang/ClassNotFoundException'{0x0000000084eb9f40}: org/gradle/plugin/use/internal/PluginRequestCollector$PluginDependencySpecImplBeanInfo> (0x0000000084eb9f40) thrown at [src/hotspot/share/classfile/systemDictionary.cpp, line 230]
Event: 15.066 Thread 0x0000012dcb2e8800 Exception <a 'java/lang/ClassNotFoundException'{0x0000000084ee9480}: org/gradle/plugin/use/internal/PluginRequestCollector$PluginDependencySpecImplCustomizer> (0x0000000084ee9480) thrown at [src/hotspot/share/classfile/systemDictionary.cpp, line 230]
Event: 15.446 Thread 0x0000012dcb2e8800 Exception <a 'java/lang/NoSuchMethodError'{0x000000008796b5a8}: 'java.lang.Object java.lang.invoke.DirectMethodHandle$Holder.invokeStatic(java.lang.Object, int, java.lang.Object)'> (0x000000008796b5a8) thrown at [src/hotspot/share/interpreter/linkResolver.cpp, line 773]
Event: 15.635 Thread 0x0000012dcb2e8800 Exception <a 'java/lang/IncompatibleClassChangeError'{0x0000000086bf80f0}: Found class java.lang.Object, but interface was expected> (0x0000000086bf80f0) thrown at [src/hotspot/share/interpreter/linkResolver.cpp, line 839]

Events (20 events):
Event: 15.822 loading class org/gradle/internal/component/external/model/ShadowedCapability
Event: 15.822 loading class org/gradle/internal/component/external/model/ShadowedCapability done
Event: 15.822 loading class org/gradle/api/internal/attributes/ImmutableAttributes
Event: 15.822 loading class org/gradle/api/internal/attributes/ImmutableAttributes done
Event: 15.822 loading class org/gradle/api/internal/artifacts/repositories/metadata/DefaultMavenImmutableAttributesFactory
Event: 15.822 loading class org/gradle/api/internal/artifacts/repositories/metadata/DefaultMavenImmutableAttributesFactory done
Event: 15.824 loading class org/gradle/internal/component/external/model/DefaultConfigurationMetadata$Builder
Event: 15.824 loading class org/gradle/internal/component/external/model/DefaultConfigurationMetadata$Builder done
Event: 15.824 loading class org/gradle/internal/component/external/model/DefaultConfigurationMetadata$2
Event: 15.824 loading class org/gradle/internal/component/external/model/DefaultConfigurationMetadata$2 done
Event: 15.825 loading class org/gradle/internal/component/external/model/DefaultConfigurationMetadata$1
Event: 15.825 loading class org/gradle/internal/component/external/model/DefaultConfigurationMetadata$1 done
Event: 15.825 loading class org/gradle/api/internal/attributes/ImmutableAttributes
Event: 15.825 loading class org/gradle/api/internal/attributes/ImmutableAttributes done
Event: 15.826 loading class org/gradle/api/internal/artifacts/repositories/metadata/DefaultMavenImmutableAttributesFactory
Event: 15.826 loading class org/gradle/api/internal/artifacts/repositories/metadata/DefaultMavenImmutableAttributesFactory done
Event: 15.829 loading class org/gradle/api/internal/attributes/ImmutableAttributes
Event: 15.829 loading class org/gradle/api/internal/attributes/ImmutableAttributes done
Event: 15.830 loading class org/gradle/api/internal/artifacts/repositories/metadata/DefaultMavenImmutableAttributesFactory
Event: 15.830 loading class org/gradle/api/internal/artifacts/repositories/metadata/DefaultMavenImmutableAttributesFactory done


Dynamic libraries:
0x00007ff6889d0000 - 0x00007ff6889da000 	C:\Program Files\Android\Android Studio\jbr\bin\java.exe
0x00007ffac4950000 - 0x00007ffac4b48000 	C:\Windows\SYSTEM32\ntdll.dll
0x00007ffac3dd0000 - 0x00007ffac3e8f000 	C:\Windows\System32\KERNEL32.DLL
0x00007ffac23e0000 - 0x00007ffac26b2000 	C:\Windows\System32\KERNELBASE.dll
0x00007ffac2080000 - 0x00007ffac2180000 	C:\Windows\System32\ucrtbase.dll
0x00007ffa614a0000 - 0x00007ffa614bb000 	C:\Program Files\Android\Android Studio\jbr\bin\VCRUNTIME140.dll
0x00007ffa61190000 - 0x00007ffa611a7000 	C:\Program Files\Android\Android Studio\jbr\bin\jli.dll
0x00007ffac2ef0000 - 0x00007ffac3091000 	C:\Windows\System32\USER32.dll
0x00007ffaa5550000 - 0x00007ffaa57ea000 	C:\Windows\WinSxS\amd64_microsoft.windows.common-controls_6595b64144ccf1df_6.0.19041.1110_none_60b5254171f9507e\COMCTL32.dll
0x00007ffac2050000 - 0x00007ffac2072000 	C:\Windows\System32\win32u.dll
0x00007ffac2ad0000 - 0x00007ffac2b6e000 	C:\Windows\System32\msvcrt.dll
0x00007ffac2c80000 - 0x00007ffac2cab000 	C:\Windows\System32\GDI32.dll
0x00007ffac2820000 - 0x00007ffac292f000 	C:\Windows\System32\gdi32full.dll
0x00007ffac2310000 - 0x00007ffac23ad000 	C:\Windows\System32\msvcp_win.dll
0x00007ffac4320000 - 0x00007ffac4350000 	C:\Windows\System32\IMM32.DLL
0x00007ffa9f800000 - 0x00007ffa9f80c000 	C:\Program Files\Android\Android Studio\jbr\bin\vcruntime140_1.dll
0x00007ffa5b1b0000 - 0x00007ffa5b23d000 	C:\Program Files\Android\Android Studio\jbr\bin\msvcp140.dll
0x00007ffa1f800000 - 0x00007ffa203bc000 	C:\Program Files\Android\Android Studio\jbr\bin\server\jvm.dll
0x00007ffac3130000 - 0x00007ffac31de000 	C:\Windows\System32\ADVAPI32.dll
0x00007ffac4060000 - 0x00007ffac40fc000 	C:\Windows\System32\sechost.dll
0x00007ffac29a0000 - 0x00007ffac2ac4000 	C:\Windows\System32\RPCRT4.dll
0x00007ffac2ee0000 - 0x00007ffac2ee8000 	C:\Windows\System32\PSAPI.DLL
0x00007ffabbe20000 - 0x00007ffabbe29000 	C:\Windows\SYSTEM32\WSOCK32.dll
0x00007ffaa8ae0000 - 0x00007ffaa8b07000 	C:\Windows\SYSTEM32\WINMM.dll
0x00007ffab96c0000 - 0x00007ffab96ca000 	C:\Windows\SYSTEM32\VERSION.dll
0x00007ffac3d50000 - 0x00007ffac3dbb000 	C:\Windows\System32\WS2_32.dll
0x00007ffac08a0000 - 0x00007ffac08b2000 	C:\Windows\SYSTEM32\kernel.appcore.dll
0x00007ffabbd00000 - 0x00007ffabbd10000 	C:\Program Files\Android\Android Studio\jbr\bin\verify.dll
0x00007ffab04e0000 - 0x00007ffab06c4000 	C:\Windows\SYSTEM32\DBGHELP.DLL
0x00007ffabb8c0000 - 0x00007ffabb8f5000 	C:\Windows\SYSTEM32\dbgcore.DLL
0x00007ffac2180000 - 0x00007ffac2202000 	C:\Windows\System32\bcryptPrimitives.dll
0x00007ffa9b8c0000 - 0x00007ffa9b8e8000 	C:\Program Files\Android\Android Studio\jbr\bin\java.dll
0x00007ffaba570000 - 0x00007ffaba57a000 	C:\Program Files\Android\Android Studio\jbr\bin\jimage.dll
0x00007ffa89000000 - 0x00007ffa89018000 	C:\Program Files\Android\Android Studio\jbr\bin\zip.dll
0x00007ffac3540000 - 0x00007ffac3c85000 	C:\Windows\System32\SHELL32.dll
0x00007ffac00f0000 - 0x00007ffac0882000 	C:\Windows\SYSTEM32\windows.storage.dll
0x00007ffac31e0000 - 0x00007ffac3535000 	C:\Windows\System32\combase.dll
0x00007ffac1a40000 - 0x00007ffac1a70000 	C:\Windows\SYSTEM32\Wldp.dll
0x00007ffac3e90000 - 0x00007ffac3f3d000 	C:\Windows\System32\SHCORE.dll
0x00007ffac4100000 - 0x00007ffac4155000 	C:\Windows\System32\shlwapi.dll
0x00007ffac1f90000 - 0x00007ffac1faf000 	C:\Windows\SYSTEM32\profapi.dll
0x00007ffa87260000 - 0x00007ffa87279000 	C:\Program Files\Android\Android Studio\jbr\bin\net.dll
0x00007ffab0210000 - 0x00007ffab031a000 	C:\Windows\SYSTEM32\WINHTTP.dll
0x00007ffac17a0000 - 0x00007ffac180a000 	C:\Windows\system32\mswsock.dll
0x00007ffa7ee40000 - 0x00007ffa7ee53000 	C:\Program Files\Android\Android Studio\jbr\bin\nio.dll
0x00007ffa78730000 - 0x00007ffa78757000 	C:\Users\ZINEB\.gradle\native\e1d6ef7f7dcc3fd88c89a11ec53ec762bb8ba0a96d01ffa2cd45eb1d1d8dd5c5\windows-amd64\native-platform.dll
0x00007ffa46700000 - 0x00007ffa46844000 	C:\Users\ZINEB\.gradle\native\0d407fdbe67a94daf76414ababcb853783967236a71b16ec16e742cd7a986fd3\windows-amd64\native-platform-file-events.dll
0x00007ffaa8940000 - 0x00007ffaa894a000 	C:\Program Files\Android\Android Studio\jbr\bin\management.dll
0x00007ffaa8800000 - 0x00007ffaa880b000 	C:\Program Files\Android\Android Studio\jbr\bin\management_ext.dll
0x00007ffac1990000 - 0x00007ffac19a8000 	C:\Windows\SYSTEM32\CRYPTSP.dll
0x00007ffac1050000 - 0x00007ffac1084000 	C:\Windows\system32\rsaenh.dll
0x00007ffac23b0000 - 0x00007ffac23d7000 	C:\Windows\System32\bcrypt.dll
0x00007ffac1f10000 - 0x00007ffac1f3e000 	C:\Windows\SYSTEM32\USERENV.dll
0x00007ffac19b0000 - 0x00007ffac19bc000 	C:\Windows\SYSTEM32\CRYPTBASE.dll
0x00007ffac1420000 - 0x00007ffac145b000 	C:\Windows\SYSTEM32\IPHLPAPI.DLL
0x00007ffac4160000 - 0x00007ffac4168000 	C:\Windows\System32\NSI.dll
0x00007ffab98c0000 - 0x00007ffab98d7000 	C:\Windows\SYSTEM32\dhcpcsvc6.DLL
0x00007ffab3fd0000 - 0x00007ffab3fed000 	C:\Windows\SYSTEM32\dhcpcsvc.DLL
0x00007ffac14d0000 - 0x00007ffac159b000 	C:\Windows\SYSTEM32\DNSAPI.dll

dbghelp: loaded successfully - version: 4.0.5 - missing functions: none
symbol engine: initialized successfully - sym options: 0x614 - pdb path: .;C:\Program Files\Android\Android Studio\jbr\bin;C:\Windows\SYSTEM32;C:\Windows\WinSxS\amd64_microsoft.windows.common-controls_6595b64144ccf1df_6.0.19041.1110_none_60b5254171f9507e;C:\Program Files\Android\Android Studio\jbr\bin\server;C:\Users\ZINEB\.gradle\native\e1d6ef7f7dcc3fd88c89a11ec53ec762bb8ba0a96d01ffa2cd45eb1d1d8dd5c5\windows-amd64;C:\Users\ZINEB\.gradle\native\0d407fdbe67a94daf76414ababcb853783967236a71b16ec16e742cd7a986fd3\windows-amd64

VM Arguments:
jvm_args: --add-opens=java.base/java.util=ALL-UNNAMED --add-opens=java.base/java.lang=ALL-UNNAMED --add-opens=java.base/java.lang.invoke=ALL-UNNAMED --add-opens=java.base/java.util=ALL-UNNAMED --add-opens=java.prefs/java.util.prefs=ALL-UNNAMED --add-opens=java.prefs/java.util.prefs=ALL-UNNAMED --add-opens=java.base/java.nio.charset=ALL-UNNAMED --add-opens=java.base/java.net=ALL-UNNAMED --add-opens=java.base/java.util.concurrent.atomic=ALL-UNNAMED -Xmx2048m -Dfile.encoding=UTF-8 -Duser.country=FR -Duser.language=fr -Duser.variant 
java_command: org.gradle.launcher.daemon.bootstrap.GradleDaemon 7.5
java_class_path (initial): C:\Users\ZINEB\.gradle\wrapper\dists\gradle-7.5-bin\f1w0cc9nuo0eivz97x2xlu9sv\gradle-7.5\lib\gradle-launcher-7.5.jar
Launcher Type: SUN_STANDARD

[Global flags]
     intx CICompilerCount                          = 3                                         {product} {ergonomic}
     uint ConcGCThreads                            = 1                                         {product} {ergonomic}
     uint G1ConcRefinementThreads                  = 4                                         {product} {ergonomic}
   size_t G1HeapRegionSize                         = 1048576                                   {product} {ergonomic}
    uintx GCDrainStackTargetSize                   = 64                                        {product} {ergonomic}
   size_t InitialHeapSize                          = 132120576                                 {product} {ergonomic}
   size_t MarkStackSize                            = 4194304                                   {product} {ergonomic}
   size_t MaxHeapSize                              = 2147483648                                {product} {command line}
   size_t MaxNewSize                               = 1287651328                                {product} {ergonomic}
   size_t MinHeapDeltaBytes                        = 1048576                                   {product} {ergonomic}
    uintx NonNMethodCodeHeapSize                   = 5830732                                {pd product} {ergonomic}
    uintx NonProfiledCodeHeapSize                  = 122913754                              {pd product} {ergonomic}
    uintx ProfiledCodeHeapSize                     = 122913754                              {pd product} {ergonomic}
    uintx ReservedCodeCacheSize                    = 251658240                              {pd product} {ergonomic}
     bool SegmentedCodeCache                       = true                                      {product} {ergonomic}
     bool UseCompressedClassPointers               = true                                 {lp64_product} {ergonomic}
     bool UseCompressedOops                        = true                                 {lp64_product} {ergonomic}
     bool UseG1GC                                  = true                                      {product} {ergonomic}
     bool UseLargePagesIndividualAllocation        = false                                  {pd product} {ergonomic}

Logging:
Log output configuration:
 #0: stdout all=warning uptime,level,tags
 #1: stderr all=off uptime,level,tags

Environment Variables:
PATH=C:\Program Files\Common Files\Oracle\Java\javapath;C:\Program Files (x86)\Common Files\Oracle\Java\javapath;C:\Program Files\Microsoft\jdk-11.0.12.7-hotspot\bin;C:\Windows\System32\HWAudioDriverLibs;C:\Windows\system32;C:\Windows;C:\Windows\System32\Wbem;C:\Windows\System32\WindowsPowerShell\v1.0\;C:\Windows\System32\OpenSSH\;C:\Windows\system32\config\systemprofile\AppData\Local\Microsoft\WindowsApps;C:\Program Files\Microsoft SQL Server\Client SDK\ODBC\170\Tools\Binn\;C:\Program Files (x86)\Microsoft SQL Server\150\Tools\Binn\;C:\Program Files\Microsoft SQL Server\150\Tools\Binn\;C:\Program Files\Microsoft SQL Server\150\DTS\Binn\;C:\Program Files\Azure Data Studio\bin;C:\Users\ZINEB\Desktop\xamp\php;C:\xampp;C:\Program Files\dotnet\;C:\Program Files\nodejs;C:\Program Files\Git\cmd;C:\Program Files\nodejs\;C:\ProgramData\chocolatey\bin;C:\Users\ZINEB\AppData\Local\Microsoft\WindowsApps;;C:\Program Files\Azure Data Studio\bin;C:\Users\ZINEB\AppData\Local\Programs\Microsoft VS Code\bin;C:\Users\ZINEB\AppData\Roaming\Composer\vendor\bin;C:\Users\ZINEB\.dotnet\tools;C:\Program Files\JetBrains\PyCharm Community Edition 2022.3.3\bin;;C:\Users\ZINEB\AppData\Roaming\npm
USERNAME=ZINEB
OS=Windows_NT
PROCESSOR_IDENTIFIER=Intel64 Family 6 Model 142 Stepping 12, GenuineIntel



---------------  S Y S T E M  ---------------

OS: Windows 10 , 64 bit Build 19041 (10.0.19041.2546)
OS uptime: 4 days 22:15 hours

CPU:total 4 (initial active 4) (2 cores per cpu, 2 threads per core) family 6 model 142 stepping 12 microcode 0xde, cmov, cx8, fxsr, mmx, sse, sse2, sse3, ssse3, sse4.1, sse4.2, popcnt, avx, avx2, aes, clmul, erms, 3dnowpref, lzcnt, ht, tsc, tscinvbit, bmi1, bmi2, adx, fma

Memory: 4k page, system-wide physical 8025M (81M free)
TotalPageFile size 23385M (AvailPageFile size 4M)
current process WorkingSet (physical memory assigned to process): 218M, peak: 250M
current process commit charge ("private bytes"): 287M, peak: 300M

vm_info: OpenJDK 64-Bit Server VM (11.0.15+0-b2043.56-9505619) for windows-amd64 JRE (11.0.15+0-b2043.56-9505619), built on Jan 19 2023 02:48:00 by "builduser" with unknown MS VC++:1929

END.
